<?xml version="1.0" encoding="UTF-8"?>
<testsuite xmlns:xsi="http://www.w3.org/2001/XMLSchema-instance" xsi:noNamespaceSchemaLocation="https://maven.apache.org/surefire/maven-surefire-plugin/xsd/surefire-test-report-3.0.xsd" version="3.0" name="Gameboard.BoardSquareTest" time="0.205" tests="6" errors="0" skipped="0" failures="0">
  <properties>
    <property name="java.specification.version" value="21"/>
    <property name="sun.jnu.encoding" value="UTF-8"/>
    <property name="java.class.path" value="/Users/robertpalmer/Desktop/Coding/Java/JavaCheckers/target/test-classes:/Users/robertpalmer/Desktop/Coding/Java/JavaCheckers/target/classes:/Users/robertpalmer/.m2/repository/org/junit/jupiter/junit-jupiter-api/5.6.0/junit-jupiter-api-5.6.0.jar:/Users/robertpalmer/.m2/repository/org/apiguardian/apiguardian-api/1.1.0/apiguardian-api-1.1.0.jar:/Users/robertpalmer/.m2/repository/org/opentest4j/opentest4j/1.2.0/opentest4j-1.2.0.jar:/Users/robertpalmer/.m2/repository/org/junit/platform/junit-platform-commons/1.6.0/junit-platform-commons-1.6.0.jar:/Users/robertpalmer/.m2/repository/org/junit/jupiter/junit-jupiter-params/5.6.0/junit-jupiter-params-5.6.0.jar:/Users/robertpalmer/.m2/repository/org/junit/jupiter/junit-jupiter-engine/5.6.0/junit-jupiter-engine-5.6.0.jar:/Users/robertpalmer/.m2/repository/org/junit/platform/junit-platform-engine/1.6.0/junit-platform-engine-1.6.0.jar:"/>
    <property name="java.vm.vendor" value="Azul Systems, Inc."/>
    <property name="sun.arch.data.model" value="64"/>
    <property name="java.vendor.url" value="http://www.azul.com/"/>
    <property name="os.name" value="Mac OS X"/>
    <property name="java.vm.specification.version" value="21"/>
    <property name="user.country" value="US"/>
    <property name="sun.java.launcher" value="SUN_STANDARD"/>
    <property name="sun.boot.library.path" value="/Applications/Apache NetBeans.app/Contents/Home/lib"/>
    <property name="sun.java.command" value="/Users/robertpalmer/Desktop/Coding/Java/JavaCheckers/target/surefire/surefirebooter-20240610201215805_3.jar /Users/robertpalmer/Desktop/Coding/Java/JavaCheckers/target/surefire 2024-06-10T20-12-15_686-jvmRun1 surefire-20240610201215805_1tmp surefire_0-20240610201215805_2tmp"/>
    <property name="http.nonProxyHosts" value="local|*.local|169.254/16|*.169.254/16"/>
    <property name="jdk.debug" value="release"/>
    <property name="surefire.test.class.path" value="/Users/robertpalmer/Desktop/Coding/Java/JavaCheckers/target/test-classes:/Users/robertpalmer/Desktop/Coding/Java/JavaCheckers/target/classes:/Users/robertpalmer/.m2/repository/org/junit/jupiter/junit-jupiter-api/5.6.0/junit-jupiter-api-5.6.0.jar:/Users/robertpalmer/.m2/repository/org/apiguardian/apiguardian-api/1.1.0/apiguardian-api-1.1.0.jar:/Users/robertpalmer/.m2/repository/org/opentest4j/opentest4j/1.2.0/opentest4j-1.2.0.jar:/Users/robertpalmer/.m2/repository/org/junit/platform/junit-platform-commons/1.6.0/junit-platform-commons-1.6.0.jar:/Users/robertpalmer/.m2/repository/org/junit/jupiter/junit-jupiter-params/5.6.0/junit-jupiter-params-5.6.0.jar:/Users/robertpalmer/.m2/repository/org/junit/jupiter/junit-jupiter-engine/5.6.0/junit-jupiter-engine-5.6.0.jar:/Users/robertpalmer/.m2/repository/org/junit/platform/junit-platform-engine/1.6.0/junit-platform-engine-1.6.0.jar:"/>
    <property name="sun.cpu.endian" value="little"/>
    <property name="user.home" value="/Users/robertpalmer"/>
    <property name="user.language" value="en"/>
    <property name="java.specification.vendor" value="Oracle Corporation"/>
    <property name="java.version.date" value="2024-01-16"/>
    <property name="java.home" value="/Applications/Apache NetBeans.app/Contents/Home"/>
    <property name="file.separator" value="/"/>
    <property name="basedir" value="/Users/robertpalmer/Desktop/Coding/Java/JavaCheckers"/>
    <property name="java.vm.compressedOopsMode" value="Zero based"/>
    <property name="line.separator" value="&#10;"/>
    <property name="java.vm.specification.vendor" value="Oracle Corporation"/>
    <property name="java.specification.name" value="Java Platform API Specification"/>
    <property name="apple.awt.application.name" value="ForkedBooter"/>
    <property name="surefire.real.class.path" value="/Users/robertpalmer/Desktop/Coding/Java/JavaCheckers/target/surefire/surefirebooter-20240610201215805_3.jar"/>
    <property name="sun.management.compiler" value="HotSpot 64-Bit Tiered Compilers"/>
    <property name="ftp.nonProxyHosts" value="local|*.local|169.254/16|*.169.254/16"/>
    <property name="java.runtime.version" value="21.0.2+13-LTS"/>
    <property name="user.name" value="robertpalmer"/>
    <property name="stdout.encoding" value="UTF-8"/>
    <property name="path.separator" value=":"/>
    <property name="os.version" value="14.5"/>
    <property name="java.runtime.name" value="OpenJDK Runtime Environment"/>
    <property name="file.encoding" value="UTF-8"/>
    <property name="java.vm.name" value="OpenJDK 64-Bit Server VM"/>
    <property name="java.vendor.version" value="Zulu21.32+17-CA"/>
    <property name="maven.ext.class.path" value="/Applications/Apache NetBeans.app/Contents/Resources/netbeans/java/maven-nblib/netbeans-eventspy.jar"/>
    <property name="localRepository" value="/Users/robertpalmer/.m2/repository"/>
    <property name="java.vendor.url.bug" value="http://www.azul.com/support/"/>
    <property name="java.io.tmpdir" value="/var/folders/gl/y60l7cg13q5fbnqg8ytjy1_80000gn/T/"/>
    <property name="java.version" value="21.0.2"/>
    <property name="user.dir" value="/Users/robertpalmer/Desktop/Coding/Java/JavaCheckers"/>
    <property name="os.arch" value="x86_64"/>
    <property name="java.vm.specification.name" value="Java Virtual Machine Specification"/>
    <property name="native.encoding" value="UTF-8"/>
    <property name="java.library.path" value="/Users/robertpalmer/Library/Java/Extensions:/Library/Java/Extensions:/Network/Library/Java/Extensions:/System/Library/Java/Extensions:/usr/lib/java:."/>
    <property name="java.vm.info" value="mixed mode, sharing"/>
    <property name="stderr.encoding" value="UTF-8"/>
    <property name="java.vendor" value="Azul Systems, Inc."/>
    <property name="java.vm.version" value="21.0.2+13-LTS"/>
    <property name="sun.io.unicode.encoding" value="UnicodeBig"/>
    <property name="socksNonProxyHosts" value="local|*.local|169.254/16|*.169.254/16"/>
    <property name="java.class.version" value="65.0"/>
  </properties>
  <testcase name="testGetColor" classname="Gameboard.BoardSquareTest" time="0.065">
    <system-out><![CDATA[getColor
]]></system-out>
  </testcase>
  <testcase name="testGetCurrentPiece" classname="Gameboard.BoardSquareTest" time="0.017">
    <system-out><![CDATA[getCurrentPiece
]]></system-out>
  </testcase>
  <testcase name="testIsHasPiece" classname="Gameboard.BoardSquareTest" time="0.007">
    <system-out><![CDATA[isHasPiece
]]></system-out>
  </testcase>
  <testcase name="testSetCurrentPiece" classname="Gameboard.BoardSquareTest" time="0.002">
    <system-out><![CDATA[setCurrentPiece
]]></system-out>
  </testcase>
  <testcase name="testSetHasPiece" classname="Gameboard.BoardSquareTest" time="0.003">
    <system-out><![CDATA[setHasPiece
]]></system-out>
  </testcase>
  <testcase name="testSetColor" classname="Gameboard.BoardSquareTest" time="0.003">
    <system-out><![CDATA[setColor
]]></system-out>
  </testcase>
</testsuite>